[2023-05-29T12:12:53.423449+00:00] blog.INFO: Create user command started [] []
[2023-05-29T12:12:53.564775+00:00] blog.INFO: User created: 2daef35b-58c7-416b-9a1d-424286e5332a [] []
[2023-05-29T12:13:29.436849+00:00] blog.INFO: Create user command started [] []
[2023-05-29T12:13:29.441254+00:00] blog.WARNING: User already exists: user123 [] []
[2023-05-29T12:56:56.432744+00:00] blog.INFO: Post created: 1d33d627-4685-4065-b67b-990beea96d09 [] []
[2023-05-30T11:17:12.215268+00:00] blog.INFO: Create user command started [] []
[2023-05-30T11:18:06.975097+00:00] blog.INFO: Create user command started [] []
[2023-05-30T11:18:47.280875+00:00] blog.INFO: Create user command started [] []
[2023-05-30T11:19:55.051314+00:00] blog.INFO: Create user command started [] []
[2023-05-30T11:20:40.751242+00:00] blog.INFO: Create user command started [] []
[2023-05-30T11:21:09.351408+00:00] blog.INFO: Create user command started [] []
[2023-05-30T11:21:36.377219+00:00] blog.INFO: Create user command started [] []
[2023-05-30T11:21:46.144523+00:00] blog.INFO: Create user command started [] []
[2023-05-30T11:22:25.299243+00:00] blog.INFO: Create user command started [] []
[2023-05-30T11:22:44.564202+00:00] blog.INFO: Create user command started [] []
[2023-05-30T11:23:47.327395+00:00] blog.INFO: Create user command started [] []
[2023-05-30T11:25:31.280044+00:00] blog.INFO: Create user command started [] []
[2023-05-30T11:28:18.945104+00:00] blog.INFO: Create user command started [] []
[2023-05-30T11:28:41.056966+00:00] blog.INFO: Create user command started [] []
[2023-05-30T12:37:31.693018+00:00] blog.INFO: Create user command started [] []
[2023-05-30T12:38:34.970864+00:00] blog.INFO: Create user command started [] []
[2023-05-30T12:39:15.387587+00:00] blog.INFO: Create user command started [] []
[2023-05-30T13:44:09.578623+00:00] blog.INFO: Create user command started [] []
[2023-05-30T13:45:06.288517+00:00] blog.INFO: Create user command started [] []
[2023-05-30T13:49:26.877836+00:00] blog.INFO: Create user command started [] []
[2023-05-30T13:51:06.867736+00:00] blog.INFO: Create user command started [] []
[2023-05-30T13:51:38.699781+00:00] blog.INFO: Create user command started [] []
[2023-05-30T14:03:58.252238+00:00] blog.INFO: Create user command started [] []
[2023-05-30T14:04:54.709912+00:00] blog.INFO: Create user command started [] []
[2023-05-30T14:09:00.150681+00:00] blog.INFO: Create user command started [] []
[2023-05-30T14:44:14.882476+00:00] blog.INFO: Create user command started [] []
[2023-05-30T14:46:08.192278+00:00] blog.INFO: Create user command started [] []
[2023-05-30T15:03:12.213918+00:00] blog.INFO: Create user command started [] []
[2023-05-30T15:03:12.223975+00:00] blog.INFO: User created: 4208d5ab-89e6-4707-9af7-110690ea700d [] []
[2023-05-30T15:03:44.644334+00:00] blog.INFO: Create user command started [] []
[2023-05-30T15:03:44.655494+00:00] blog.INFO: User created: f66a1382-981f-41e2-9944-32b93fa3ee08 [] []
[2023-05-30T15:29:55.482856+00:00] blog.INFO: Create user command started [] []
[2023-05-30T15:29:55.578275+00:00] blog.INFO: User created: cc39b7af-8eaf-464c-869f-0bb953067bb0 [] []
[2023-06-01T08:04:45.796226+00:00] blog.INFO: Post created: efa42760-1544-4e7e-a4f0-088071508d41 [] []
[2023-06-01T08:04:45.837204+00:00] blog.INFO: Post created: 81b9ef37-3a91-4b0d-b373-e0efc884e293 [] []
[2023-06-01T08:04:45.844601+00:00] blog.INFO: Post created: 0f50ebe7-ddeb-4f6b-8845-2371f828e10a [] []
[2023-06-01T08:04:45.851119+00:00] blog.INFO: Post created: 77033b8c-0248-41c8-8ae6-59af9b08f1d5 [] []
[2023-06-01T08:04:45.859461+00:00] blog.INFO: Post created: 6f30290d-2a44-48b1-b3b5-ef9bc53ca10d [] []
[2023-06-01T08:04:45.869866+00:00] blog.INFO: Post created: 4648f452-1840-4d13-849b-d0ad480686cd [] []
[2023-06-01T08:04:45.879965+00:00] blog.INFO: Post created: 39bd60ec-be83-4875-9d9f-b4c5a1ee966a [] []
[2023-06-01T08:04:45.895511+00:00] blog.INFO: Post created: 18fe6aaa-f43b-4bef-a740-50c2bdf913e2 [] []
[2023-06-01T08:04:45.911690+00:00] blog.INFO: Post created: 5c5acd72-f1e2-43d0-8589-0e48f66d98ee [] []
[2023-06-01T08:04:45.920328+00:00] blog.INFO: Post created: fe4d3f70-2952-4318-9fc5-ad93a1dcd3e5 [] []
[2023-06-01T08:04:45.941675+00:00] blog.INFO: Post created: 94632438-4286-4c28-9bfc-4b469bfd7cf2 [] []
[2023-06-01T08:04:45.951194+00:00] blog.INFO: Post created: 253a8387-c355-43ea-944f-bdbde87f703e [] []
[2023-06-01T08:04:45.960657+00:00] blog.INFO: Post created: cebc935a-3d33-4f27-be54-6e58386c3787 [] []
[2023-06-01T08:04:45.976994+00:00] blog.INFO: Post created: b26e99e4-bad2-440a-a1f4-ce125b0605d8 [] []
[2023-06-01T08:04:45.987827+00:00] blog.INFO: Post created: 87bb19ac-16ae-4cee-b096-d3446cd44c1c [] []
[2023-06-01T08:04:45.997493+00:00] blog.INFO: Post created: cf2a9d68-9ee6-47ad-adf7-276b0d7d736c [] []
[2023-06-01T08:04:46.005610+00:00] blog.INFO: Post created: 25f4bba0-74f4-414d-b8ff-b2e31acc0056 [] []
[2023-06-01T08:04:46.015989+00:00] blog.INFO: Post created: f317d6e2-3d0c-4413-8a55-e98da5790bdf [] []
[2023-06-01T08:04:46.025062+00:00] blog.INFO: Post created: ea9d3e39-dff0-4ae3-ab79-7a54f5bf35c4 [] []
[2023-06-01T08:04:46.035462+00:00] blog.INFO: Post created: 8bd990cb-511a-4f4b-8cb5-f8be493fedb1 [] []
[2023-06-01T08:04:46.052937+00:00] blog.INFO: Post created: 484c258a-fcfb-4fb0-a4c5-2f8e213a7e9e [] []
[2023-06-01T08:04:46.061938+00:00] blog.INFO: Post created: c2e30af9-ee60-4760-9a08-2b1936b5d974 [] []
[2023-06-01T08:04:46.070674+00:00] blog.INFO: Post created: 8768bf58-459d-4501-91f4-4ce1742defdc [] []
[2023-06-01T08:04:46.079520+00:00] blog.INFO: Post created: 20f337a5-1cf6-42d4-9d13-c50fe8cb3962 [] []
[2023-06-01T08:04:46.097520+00:00] blog.INFO: Post created: 3c9ea955-adc1-4f17-9434-20ab1eb84165 [] []
[2023-06-01T08:04:46.105728+00:00] blog.INFO: Post created: 9b917be1-3174-43fd-ba3a-1ba61bde54fa [] []
[2023-06-01T08:04:46.116938+00:00] blog.INFO: Post created: e64732f1-15eb-40c2-b171-5105ea293dc0 [] []
[2023-06-01T08:04:46.126895+00:00] blog.INFO: Post created: cde63a7c-654d-4ea2-9e61-710ad7c837cc [] []
[2023-06-01T08:04:46.142402+00:00] blog.INFO: Post created: cb572009-ff15-46ad-baf9-83dc8248b963 [] []
[2023-06-01T08:04:46.152503+00:00] blog.INFO: Post created: 8daa0e0a-0fa1-4907-8fad-5d64d7316c47 [] []
[2023-06-01T08:04:46.163604+00:00] blog.INFO: Post created: beecc3f1-d529-471f-9988-dffe6a1e1630 [] []
[2023-06-01T08:04:46.174252+00:00] blog.INFO: Post created: 10c646b6-75ab-4530-a1fd-3bbc9f7c34c7 [] []
[2023-06-01T08:04:46.185865+00:00] blog.INFO: Post created: 62b04fc9-14f3-4a24-a3f7-22b9e9c1791e [] []
[2023-06-01T08:04:46.199671+00:00] blog.INFO: Post created: a40b26d8-2317-462f-a2e4-afc8133a6c03 [] []
[2023-06-01T08:04:46.209470+00:00] blog.INFO: Post created: f2eb5d46-03a7-4ab5-b79a-26c95cb20695 [] []
[2023-06-01T08:04:46.217708+00:00] blog.INFO: Post created: 993d2cde-4e22-4088-aaf1-91abcb6be571 [] []
[2023-06-01T08:04:46.232831+00:00] blog.INFO: Post created: 6a31e0ab-8d18-4c28-93db-4fbcf26ed0f2 [] []
[2023-06-01T08:04:46.243541+00:00] blog.INFO: Post created: 91d3e323-c7ff-4475-bb62-385a1e3ac50a [] []
[2023-06-01T08:04:46.252056+00:00] blog.INFO: Post created: 11ee7dab-bac7-473b-902c-b5b5951e9981 [] []
[2023-06-01T08:04:46.258974+00:00] blog.INFO: Post created: 7a20e158-8ed3-43e5-b3d7-6ffd98fabc37 [] []
[2023-06-01T08:04:46.268950+00:00] blog.INFO: Post created: 665c4ca2-f02a-4d98-a809-056e45ec65b1 [] []
[2023-06-01T08:04:46.276050+00:00] blog.INFO: Post created: 8f68ac47-2e87-475c-910e-8bed7231c0f2 [] []
[2023-06-01T08:04:46.284718+00:00] blog.INFO: Post created: b2451fd8-3e70-49be-a88f-ff3a8e34cade [] []
[2023-06-01T08:04:46.291551+00:00] blog.INFO: Post created: 436c3e5c-f9ed-41cb-b0f4-53448b5c8ae2 [] []
[2023-06-01T08:04:46.302328+00:00] blog.INFO: Post created: 78913b2a-b43b-4251-83dc-3287c939b142 [] []
[2023-06-01T08:04:46.316487+00:00] blog.INFO: Post created: ebbb3d7f-2244-46b0-9172-7d8f7577bec9 [] []
[2023-06-01T08:04:46.327261+00:00] blog.INFO: Post created: eeed18c9-bb70-4c21-a586-56054d85d4a9 [] []
[2023-06-01T08:04:46.338590+00:00] blog.INFO: Post created: ea0e8aaf-d79b-45a5-8f54-3486300e7143 [] []
[2023-06-01T08:04:46.346885+00:00] blog.INFO: Post created: a3cc5f08-8928-4a03-903f-e0b08d9034d7 [] []
[2023-06-01T08:04:46.354808+00:00] blog.INFO: Post created: 59541f48-0957-42b4-aeea-31811aa03aee [] []
[2023-06-01T08:04:46.363559+00:00] blog.INFO: Post created: cf28d212-9365-4115-a45f-aa0e037586ce [] []
[2023-06-01T08:04:46.374931+00:00] blog.INFO: Post created: 9d7401db-631c-4996-8c64-38739457ec39 [] []
[2023-06-01T08:04:46.396625+00:00] blog.INFO: Post created: e88efdda-62ca-467d-a79c-8d180d415f76 [] []
[2023-06-01T08:04:46.415701+00:00] blog.INFO: Post created: 1cd957ec-8be0-473a-99a7-7aae0b7e4e24 [] []
[2023-06-01T08:04:46.427295+00:00] blog.INFO: Post created: 4f4a5ad1-50a1-4c8d-b7d3-0697dc04ed34 [] []
[2023-06-01T08:04:46.438699+00:00] blog.INFO: Post created: 8ce5a88b-8d1c-4c81-b1d9-6565a2ec546e [] []
[2023-06-01T08:04:46.448565+00:00] blog.INFO: Post created: 0218f351-9a41-4d88-93fe-889d6dc7a0b1 [] []
[2023-06-01T08:04:46.456368+00:00] blog.INFO: Post created: f69f2750-9878-4e30-a993-51658fb632e9 [] []
[2023-06-01T08:04:46.465417+00:00] blog.INFO: Post created: 2f9c9a31-314d-4c5c-8a90-c3380d36a99b [] []
[2023-06-01T08:04:46.474113+00:00] blog.INFO: Post created: 7f04aeec-76aa-43ab-8857-45f7334cac94 [] []
[2023-06-01T08:04:46.484263+00:00] blog.INFO: Post created: 4b9a7d8b-b1ed-44b2-aa29-8ec05d6d87fd [] []
[2023-06-01T08:04:46.492053+00:00] blog.INFO: Post created: b2b2373a-2d25-45fb-a1f6-b61b72a1640e [] []
[2023-06-01T08:04:46.500433+00:00] blog.INFO: Post created: 4e511064-e70d-4528-8309-264b90f1e8ee [] []
[2023-06-01T08:04:46.517943+00:00] blog.INFO: Post created: d145518e-0cde-4c1f-b7cc-ee691d6a8729 [] []
[2023-06-01T08:04:46.526688+00:00] blog.INFO: Post created: 70ee08c2-5095-48c9-996d-52675e98379e [] []
[2023-06-01T08:04:46.534604+00:00] blog.INFO: Post created: 45e826ba-825f-400c-9d0c-080ded85980e [] []
[2023-06-01T08:04:46.542396+00:00] blog.INFO: Post created: 648a67af-188f-45b9-94a6-a3aba23218c6 [] []
[2023-06-01T08:04:46.551894+00:00] blog.INFO: Post created: 80c30d78-0e2a-4be1-8f2d-bfc02f894127 [] []
[2023-06-01T08:04:46.560982+00:00] blog.INFO: Post created: 3eae1561-3110-4712-8a1d-b68ad4f85779 [] []
[2023-06-01T08:04:46.569579+00:00] blog.INFO: Post created: dc1307be-2e85-421b-b575-d4bdeff319ae [] []
[2023-06-01T08:04:46.576861+00:00] blog.INFO: Post created: 3328594d-f58a-41b4-92b3-a78debbee05e [] []
[2023-06-01T08:04:46.585179+00:00] blog.INFO: Post created: 3f21d126-34b4-49b8-a128-b388749681b7 [] []
[2023-06-01T08:04:46.593081+00:00] blog.INFO: Post created: 85dea4f6-ac33-4b40-a008-75221c2f5968 [] []
[2023-06-01T08:04:46.606948+00:00] blog.INFO: Post created: 056196fc-de35-4e56-93da-bf109ec18603 [] []
[2023-06-01T08:04:46.619179+00:00] blog.INFO: Post created: f9652626-e3f7-4ae6-8083-f9850f12dc8e [] []
[2023-06-01T08:04:46.626324+00:00] blog.INFO: Post created: ad8712e0-b876-420a-9987-f8f12b258d70 [] []
[2023-06-01T08:04:46.636138+00:00] blog.INFO: Post created: cb615f1c-21b3-4323-932d-0390cec3c15c [] []
[2023-06-01T08:04:46.644214+00:00] blog.INFO: Post created: f2047274-9f4b-4ec2-a5fc-f8fa122a6a8b [] []
[2023-06-01T08:04:46.652400+00:00] blog.INFO: Post created: c4ea4f23-8b40-448f-b5d2-0b6fdbb3cca7 [] []
[2023-06-01T08:04:46.660852+00:00] blog.INFO: Post created: aee7d95b-aaf9-41cb-afee-ce0971f09fc3 [] []
[2023-06-01T08:04:46.676478+00:00] blog.INFO: Post created: 8648ba32-615c-4340-9c2c-b1668124d8a9 [] []
[2023-06-01T08:04:46.684770+00:00] blog.INFO: Post created: e6e68066-9fed-45bf-8300-82bea34736bc [] []
[2023-06-01T08:04:46.693121+00:00] blog.INFO: Post created: 22cd4d37-4082-4691-824b-1a93e84f5230 [] []
[2023-06-01T08:04:46.703420+00:00] blog.INFO: Post created: 23e927d8-0f33-47e6-9e04-81dc8e4e6e6b [] []
[2023-06-01T08:04:46.714012+00:00] blog.INFO: Post created: 5274c91f-272c-4544-9cef-4214a659504d [] []
[2023-06-01T08:04:46.721713+00:00] blog.INFO: Post created: c8ca9540-376a-4a7b-ad8d-ef38cfdeb1a9 [] []
[2023-06-01T08:04:46.729964+00:00] blog.INFO: Post created: d02f9d74-a4a8-4988-be8e-e3505011eacf [] []
[2023-06-01T08:04:46.744628+00:00] blog.INFO: Post created: 513c6e52-377f-4fb6-83dd-0957fa21a18a [] []
[2023-06-01T08:04:46.753050+00:00] blog.INFO: Post created: 375cd8f9-257e-4c21-8dc4-d2559f8d4d70 [] []
[2023-06-01T08:04:46.766995+00:00] blog.INFO: Post created: 847bd998-91a7-4d33-96a7-c02164bda29b [] []
[2023-06-01T08:04:46.774158+00:00] blog.INFO: Post created: 1261c104-7037-410d-8464-66f153463387 [] []
[2023-06-01T08:04:46.783570+00:00] blog.INFO: Post created: 3c150551-f41e-4d02-8f0c-fd67fa46bf96 [] []
[2023-06-01T08:04:46.795016+00:00] blog.INFO: Post created: f786464e-d518-4da3-84fd-f0a96a42fb17 [] []
[2023-06-01T08:04:46.806771+00:00] blog.INFO: Post created: 361db303-0554-48cc-9cc3-67e9c6779768 [] []
[2023-06-01T08:04:46.814635+00:00] blog.INFO: Post created: 079a2854-a91e-4dae-94b4-6aae60547567 [] []
[2023-06-01T08:04:46.822046+00:00] blog.INFO: Post created: 1f09b7ef-4092-4568-813a-cee36e4a474a [] []
[2023-06-01T08:04:46.836383+00:00] blog.INFO: Post created: 2d8496e3-aef2-4c57-826f-1d32f7f79254 [] []
[2023-06-01T08:04:46.843575+00:00] blog.INFO: Post created: b80f577c-ef12-416c-8650-d5e5a879d971 [] []
[2023-06-01T08:04:46.854221+00:00] blog.INFO: Post created: 20a8a3db-ca7c-40c3-a844-cf37a0701287 [] []
[2023-06-01T08:04:46.861274+00:00] blog.INFO: Post created: f9098d2b-5a42-44ef-a4de-ac97158029b0 [] []
[2023-06-01T08:04:46.870445+00:00] blog.INFO: Post created: cd17e81b-1aeb-4651-b4f7-628a7da2c3d4 [] []
[2023-06-01T08:04:46.880084+00:00] blog.INFO: Post created: a35308e5-f59b-4e06-a6e7-8af8452cf36c [] []
[2023-06-01T08:04:46.888736+00:00] blog.INFO: Post created: 9adcab32-9392-442c-bd6c-7e9170b2c800 [] []
[2023-06-01T08:04:46.896765+00:00] blog.INFO: Post created: 555b26e8-b205-4d89-b93c-200f2954e915 [] []
[2023-06-01T08:04:46.905754+00:00] blog.INFO: Post created: f458aba2-4303-4ed2-9085-28aa664002ff [] []
[2023-06-01T08:04:46.914736+00:00] blog.INFO: Post created: 68fce118-64e6-4c81-a731-2918eae1bfab [] []
[2023-06-01T08:04:46.923049+00:00] blog.INFO: Post created: 3651362e-3a3c-4bae-a472-75e94201d376 [] []
[2023-06-01T08:04:46.933890+00:00] blog.INFO: Post created: 8fc81bf7-cf55-4b52-b140-49a2e0a33360 [] []
[2023-06-01T08:04:46.949560+00:00] blog.INFO: Post created: 119da60e-4170-4653-b63a-ab9a7cfeadbb [] []
[2023-06-01T08:04:46.960449+00:00] blog.INFO: Post created: a5bf4308-a653-456c-b728-f7430f2af241 [] []
[2023-06-01T08:04:46.970041+00:00] blog.INFO: Post created: 7eff1519-1afd-4315-a4d9-018157717e57 [] []
[2023-06-01T08:04:46.979689+00:00] blog.INFO: Post created: 11ed19a7-5ec7-4408-922b-09e77b873db6 [] []
[2023-06-01T08:04:46.988608+00:00] blog.INFO: Post created: f9871260-0691-4f5a-8ea3-5d5d921bff16 [] []
[2023-06-01T08:04:46.997737+00:00] blog.INFO: Post created: 2bc44677-b5f4-492b-a8d5-5be1a737b551 [] []
[2023-06-01T08:04:47.004981+00:00] blog.INFO: Post created: 44e68016-ea77-4c9d-b260-ede8e25b998b [] []
[2023-06-01T08:04:47.013144+00:00] blog.INFO: Post created: dd7a3f49-1934-4626-9817-3980c1e1eec7 [] []
[2023-06-01T08:04:47.021744+00:00] blog.INFO: Post created: f80f9f12-c057-467c-8b78-30b28f65b513 [] []
[2023-06-01T08:04:47.034923+00:00] blog.INFO: Post created: 6626fa92-96d8-4cde-ad02-d5a87e9270c3 [] []
[2023-06-01T08:04:47.046102+00:00] blog.INFO: Post created: 34ede6ea-8ca9-4d05-a4b0-c6985dc8332c [] []
[2023-06-01T08:04:47.060661+00:00] blog.INFO: Post created: 04396dfd-e5ed-4e71-a5a2-c5c2b5a4505b [] []
[2023-06-01T08:04:47.077551+00:00] blog.INFO: Post created: 4b50e127-e3ff-4bf8-a3bd-d21a1948adb3 [] []
[2023-06-01T08:04:47.088814+00:00] blog.INFO: Post created: 3beeaf29-7c15-4c50-a613-3c895309e9da [] []
[2023-06-01T08:04:47.097580+00:00] blog.INFO: Post created: 79d25bae-3b9e-432a-b961-1f5b465349eb [] []
[2023-06-01T08:04:47.105788+00:00] blog.INFO: Post created: f62bec7b-7fcc-44e3-a283-b427e98857fb [] []
[2023-06-01T08:04:47.113915+00:00] blog.INFO: Post created: ba9eddf5-59ea-4a8a-9fe6-5aa7086839ef [] []
[2023-06-01T08:04:47.121241+00:00] blog.INFO: Post created: bf703843-8992-458f-9a5d-5de01423dd6b [] []
[2023-06-01T08:04:47.130475+00:00] blog.INFO: Post created: 8816545a-f98e-4468-ae0d-4a9566fe776d [] []
[2023-06-01T08:04:47.146406+00:00] blog.INFO: Post created: 438cb394-44a9-440b-8387-d063d606bfba [] []
[2023-06-01T08:04:47.156872+00:00] blog.INFO: Post created: f5910faa-b452-47c0-a48b-e49b267c7173 [] []
[2023-06-01T08:04:47.165081+00:00] blog.INFO: Post created: c348544b-3cfb-4026-868d-10daea68e616 [] []
[2023-06-01T08:04:47.173026+00:00] blog.INFO: Post created: f7278cae-2776-4449-a951-44fbe015ba45 [] []
[2023-06-01T08:04:47.181465+00:00] blog.INFO: Post created: 329e0f33-c9eb-489e-8408-53da8efe0b2f [] []
[2023-06-01T08:04:47.189570+00:00] blog.INFO: Post created: 093a7336-4da9-4f4f-a119-331ed7940d86 [] []
[2023-06-01T08:04:47.197970+00:00] blog.INFO: Post created: a55553ae-fae1-437d-aa02-9f6adca5fd60 [] []
[2023-06-01T08:04:47.206562+00:00] blog.INFO: Post created: 3ba19077-5e78-4818-bb3e-9bf40651186a [] []
[2023-06-01T08:04:47.222678+00:00] blog.INFO: Post created: 47d3ac4b-f903-47e2-80b0-9a8e9698f217 [] []
[2023-06-01T08:04:47.231445+00:00] blog.INFO: Post created: b03ce102-fea0-427b-b467-cfce689b3b54 [] []
[2023-06-01T08:04:47.240518+00:00] blog.INFO: Post created: f6b55562-c3c1-47a1-9384-6158ae914282 [] []
[2023-06-01T08:04:47.249876+00:00] blog.INFO: Post created: f3007c87-dfc7-46f6-95ec-bace22313730 [] []
[2023-06-01T08:04:47.257817+00:00] blog.INFO: Post created: b831eafe-3ce3-48c7-8056-b3b5f03c7909 [] []
[2023-06-01T08:04:47.266757+00:00] blog.INFO: Post created: e1413bf8-056b-496b-a8a8-b00e3492e376 [] []
[2023-06-01T08:04:47.274286+00:00] blog.INFO: Post created: 8f9ae011-c57f-4a00-b7d4-27667ddf64ab [] []
[2023-06-01T08:04:47.283699+00:00] blog.INFO: Post created: c5ee6571-44ec-4c02-a158-0ee8469da6b7 [] []
[2023-06-01T08:04:47.292162+00:00] blog.INFO: Post created: 7f6281dd-0597-497a-9548-28a9b9110ace [] []
[2023-06-01T08:04:47.305805+00:00] blog.INFO: Post created: 636e39b7-ce90-4a8a-b69c-f03fa14655d9 [] []
[2023-06-01T08:04:47.314579+00:00] blog.INFO: Post created: ae58d4dc-1f28-4ab3-93b4-08506980d5e0 [] []
[2023-06-01T08:04:47.322407+00:00] blog.INFO: Post created: 47c89c15-c1ec-429b-a743-61b1f2160951 [] []
[2023-06-01T08:04:47.337005+00:00] blog.INFO: Post created: 57c83dbc-fc1d-406e-a64f-3789bd11b1e8 [] []
[2023-06-01T08:04:47.345301+00:00] blog.INFO: Post created: 3b42b1ff-fd1f-4f16-ab64-1a3e7d6abf61 [] []
[2023-06-01T08:04:47.353966+00:00] blog.INFO: Post created: 8349c6cc-3cf9-4dad-ab31-fd414425fad9 [] []
[2023-06-01T08:04:47.362130+00:00] blog.INFO: Post created: 8a626af4-bbbc-4c78-b6a7-320468f6d9cd [] []
[2023-06-01T08:04:47.369983+00:00] blog.INFO: Post created: 73b815a8-26ec-4c64-b633-e8e81e2b4fe9 [] []
[2023-06-01T08:04:47.379055+00:00] blog.INFO: Post created: f435227b-3907-48eb-a540-1d7357240a43 [] []
[2023-06-01T08:04:47.386847+00:00] blog.INFO: Post created: 5e8a773c-3f02-4fd4-b88b-e72b0f931f09 [] []
[2023-06-01T08:04:47.395250+00:00] blog.INFO: Post created: 9f2358ff-b041-469e-ac77-7e4c6afe9394 [] []
[2023-06-01T08:04:47.402782+00:00] blog.INFO: Post created: df4f1e12-2e98-4250-b057-0bbe790b80c3 [] []
[2023-06-01T08:04:47.411290+00:00] blog.INFO: Post created: cfb8d661-0ce1-4e37-9505-b31c6e5369b8 [] []
[2023-06-01T08:04:47.427483+00:00] blog.INFO: Post created: 67caad41-7cc1-44d7-bbaf-bc579c6013fd [] []
[2023-06-01T08:04:47.435401+00:00] blog.INFO: Post created: 6ba175bb-5cdd-4126-aa48-0a26d594911f [] []
[2023-06-01T08:04:47.443888+00:00] blog.INFO: Post created: 5deac819-356f-477b-a40b-a160ea6e20da [] []
[2023-06-01T08:04:47.452769+00:00] blog.INFO: Post created: 037f0f40-0f6d-4d28-a621-5a4352566402 [] []
[2023-06-01T08:04:47.461126+00:00] blog.INFO: Post created: 623db811-f73d-4264-ae37-71009c2f10b9 [] []
[2023-06-01T08:04:47.468043+00:00] blog.INFO: Post created: ab0c3065-8458-4e73-b3c8-7370f76334bd [] []
[2023-06-01T08:04:47.477334+00:00] blog.INFO: Post created: 576f22df-8821-4cd1-816e-c43d10987e7a [] []
[2023-06-01T08:04:47.486579+00:00] blog.INFO: Post created: ecef4cc7-4afe-459c-968d-6a911c92ea44 [] []
[2023-06-01T08:04:47.495045+00:00] blog.INFO: Post created: 2eb324fc-2a46-4ba5-9c3e-6c8725854159 [] []
[2023-06-01T08:04:47.504172+00:00] blog.INFO: Post created: 0296d330-8b6f-4248-a1af-4ce76ff36cb1 [] []
[2023-06-01T08:04:47.518384+00:00] blog.INFO: Post created: 2ac67813-67ac-49fa-9e38-0e0f4dca1ffc [] []
[2023-06-01T08:04:47.527316+00:00] blog.INFO: Post created: a318d33f-520e-469a-86bd-2b2ffab4dbd5 [] []
[2023-06-01T08:04:47.537736+00:00] blog.INFO: Post created: 17e74809-103f-43db-be5a-ca359e069161 [] []
[2023-06-01T08:04:47.553723+00:00] blog.INFO: Post created: 98d7996d-5809-40a1-88d7-dcbc93804825 [] []
[2023-06-01T08:04:47.563728+00:00] blog.INFO: Post created: 4ecdfec7-588a-4616-bf4d-3bca480b00f4 [] []
[2023-06-01T08:04:47.573736+00:00] blog.INFO: Post created: 06f6a8ab-7a09-469f-b35f-d11edded3510 [] []
[2023-06-01T08:04:47.583851+00:00] blog.INFO: Post created: 8f8fd9f2-2ef8-498c-ad26-0a184413d580 [] []
[2023-06-01T08:04:47.593937+00:00] blog.INFO: Post created: 0f9bd001-25c3-4167-b6e9-ae78a3ffcf02 [] []
[2023-06-01T08:04:47.613027+00:00] blog.INFO: Post created: 72569d41-8cbd-4854-92b4-08b36cdd4a73 [] []
[2023-06-01T08:04:47.629454+00:00] blog.INFO: Post created: 1e0f50a7-1526-46b2-812d-6fce9f4a4b5c [] []
[2023-06-01T08:04:47.636827+00:00] blog.INFO: Post created: 5ab93f35-f1f6-4306-a1b6-552a17fb4494 [] []
[2023-06-01T08:04:47.645535+00:00] blog.INFO: Post created: 1392172a-2357-479e-a990-14449215665e [] []
[2023-06-01T08:04:47.652128+00:00] blog.INFO: Post created: 173833c7-d1ea-426c-ad53-720e0cfad28e [] []
[2023-06-01T08:04:47.661099+00:00] blog.INFO: Post created: 28c39867-2213-4d7b-9364-a24338e22ddd [] []
[2023-06-01T08:04:47.669689+00:00] blog.INFO: Post created: 5915928b-e58e-4208-9c2c-1b27dc08916b [] []
[2023-06-01T08:04:47.680379+00:00] blog.INFO: Post created: 55f3ff2b-abe9-4290-9419-8b72995f8a13 [] []
[2023-06-01T08:04:47.697073+00:00] blog.INFO: Post created: 51d6e548-75af-4599-ac27-311e2396ffe3 [] []
[2023-06-01T08:04:47.705637+00:00] blog.INFO: Post created: a45debf2-9d98-4434-9aad-85410bdffa30 [] []
[2023-06-01T08:04:47.713555+00:00] blog.INFO: Post created: 7dc5ea61-4bba-4b89-9011-96a895369ea3 [] []
[2023-06-01T08:04:47.722695+00:00] blog.INFO: Post created: 6f1c9706-27fc-4035-80d7-32fc9f168884 [] []
[2023-06-01T08:04:47.730576+00:00] blog.INFO: Post created: c10f95bd-1aa9-4f20-8c13-773d1660c77b [] []
[2023-06-01T08:04:47.738549+00:00] blog.INFO: Post created: 7e221ac9-2e54-4256-9ffd-d2660dd51604 [] []
[2023-06-01T08:04:47.746751+00:00] blog.INFO: Post created: 5f76101f-8f1a-49db-b220-8c8e79470c85 [] []
[2023-06-01T08:04:47.762199+00:00] blog.INFO: Post created: 4aa6d2a9-ddfc-425a-b485-d03fd83bb435 [] []
[2023-06-01T08:04:47.770441+00:00] blog.INFO: Post created: c3340967-3719-49bb-95c8-e01ce0a2e10e [] []
[2023-06-01T08:04:47.778650+00:00] blog.INFO: Post created: 88d59587-d3c6-4fa6-b799-b5b4624a03a6 [] []
[2023-06-01T08:04:47.787203+00:00] blog.INFO: Post created: 668b5d34-6c7f-4e9a-bc09-8067ef23b5cd [] []
[2023-06-01T08:04:47.795161+00:00] blog.INFO: Post created: 560d39f1-991c-4731-8a54-cdece85fd5f6 [] []
[2023-06-01T08:04:47.803919+00:00] blog.INFO: Post created: 843a0350-0752-458e-92c3-a56458eeecf6 [] []
[2023-06-01T08:04:47.811620+00:00] blog.INFO: Post created: d1e35c52-c343-4e5a-af82-d9d31b6889ee [] []
[2023-06-01T08:04:47.821440+00:00] blog.INFO: Post created: 336b3e42-0194-42af-86ae-47e9120de034 [] []
[2023-06-01T08:04:47.837361+00:00] blog.INFO: Post created: 3fab16f2-0818-4065-805c-b8c831ea6f4c [] []
[2023-06-01T08:04:47.844419+00:00] blog.INFO: Post created: be341987-afd2-4060-9c67-8999d9b69c47 [] []
